{"C:\\Users\\matth\\Documents\\Bootcamp\\Binar\\FinalProject\\router.js": {"path":"C:\\Users\\matth\\Documents\\Bootcamp\\Binar\\FinalProject\\router.js","statementMap":{"0":{"start":{"line":1,"column":13},"end":{"line":1,"column":28}},"1":{"start":{"line":2,"column":16},"end":{"line":2,"column":34}},"2":{"start":{"line":4,"column":19},"end":{"line":4,"column":42}},"3":{"start":{"line":7,"column":2},"end":{"line":7,"column":18}},"4":{"start":{"line":8,"column":2},"end":{"line":8,"column":26}},"5":{"start":{"line":10,"column":2},"end":{"line":10,"column":35}},"6":{"start":{"line":13,"column":2},"end":{"line":13,"column":46}},"7":{"start":{"line":14,"column":2},"end":{"line":14,"column":52}},"8":{"start":{"line":15,"column":2},"end":{"line":19,"column":4}},"9":{"start":{"line":20,"column":2},"end":{"line":20,"column":65}},"10":{"start":{"line":21,"column":2},"end":{"line":25,"column":4}},"11":{"start":{"line":26,"column":2},"end":{"line":30,"column":4}},"12":{"start":{"line":31,"column":2},"end":{"line":31,"column":79}},"13":{"start":{"line":32,"column":2},"end":{"line":32,"column":76}},"14":{"start":{"line":33,"column":2},"end":{"line":37,"column":4}},"15":{"start":{"line":40,"column":2},"end":{"line":40,"column":54}},"16":{"start":{"line":41,"column":2},"end":{"line":41,"column":60}},"17":{"start":{"line":42,"column":2},"end":{"line":42,"column":74}},"18":{"start":{"line":43,"column":2},"end":{"line":47,"column":4}},"19":{"start":{"line":48,"column":2},"end":{"line":48,"column":79}},"20":{"start":{"line":49,"column":2},"end":{"line":53,"column":4}},"21":{"start":{"line":56,"column":2},"end":{"line":60,"column":4}},"22":{"start":{"line":61,"column":2},"end":{"line":61,"column":78}},"23":{"start":{"line":62,"column":2},"end":{"line":62,"column":78}},"24":{"start":{"line":64,"column":2},"end":{"line":64,"column":13}},"25":{"start":{"line":67,"column":0},"end":{"line":67,"column":27}}},"fnMap":{"0":{"name":"apply","decl":{"start":{"line":6,"column":9},"end":{"line":6,"column":14}},"loc":{"start":{"line":6,"column":20},"end":{"line":65,"column":1}},"line":6}},"branchMap":{},"s":{"0":1,"1":1,"2":1,"3":1,"4":1,"5":1,"6":1,"7":1,"8":1,"9":1,"10":1,"11":1,"12":1,"13":1,"14":1,"15":1,"16":1,"17":1,"18":1,"19":1,"20":1,"21":1,"22":1,"23":1,"24":1,"25":1},"f":{"0":1},"b":{},"_coverageSchema":"1a1c01bbd47fc00a2c39e90264f33305004495a9","hash":"bacf041bc98970f7c9c31b16e604492b152ef9b6"}
,"C:\\Users\\matth\\Documents\\Bootcamp\\Binar\\FinalProject\\config\\config.js": {"path":"C:\\Users\\matth\\Documents\\Bootcamp\\Binar\\FinalProject\\config\\config.js","statementMap":{"0":{"start":{"line":1,"column":15},"end":{"line":4,"column":1}},"1":{"start":{"line":6,"column":13},"end":{"line":6,"column":28}},"2":{"start":{"line":14,"column":4},"end":{"line":14,"column":15}},"3":{"start":{"line":17,"column":0},"end":{"line":52,"column":2}}},"fnMap":{},"branchMap":{"0":{"loc":{"start":{"line":2,"column":2},"end":{"line":3,"column":63}},"type":"binary-expr","locations":[{"start":{"line":2,"column":2},"end":{"line":2,"column":26}},{"start":{"line":3,"column":4},"end":{"line":3,"column":63}}],"line":2},"1":{"loc":{"start":{"line":9,"column":2},"end":{"line":9,"column":27}},"type":"default-arg","locations":[{"start":{"line":9,"column":12},"end":{"line":9,"column":27}}],"line":9},"2":{"loc":{"start":{"line":10,"column":2},"end":{"line":10,"column":31}},"type":"default-arg","locations":[{"start":{"line":10,"column":16},"end":{"line":10,"column":31}}],"line":10},"3":{"loc":{"start":{"line":11,"column":2},"end":{"line":11,"column":44}},"type":"default-arg","locations":[{"start":{"line":11,"column":12},"end":{"line":11,"column":44}}],"line":11},"4":{"loc":{"start":{"line":12,"column":2},"end":{"line":12,"column":27}},"type":"default-arg","locations":[{"start":{"line":12,"column":12},"end":{"line":12,"column":27}}],"line":12},"5":{"loc":{"start":{"line":13,"column":2},"end":{"line":13,"column":18}},"type":"default-arg","locations":[{"start":{"line":13,"column":12},"end":{"line":13,"column":18}}],"line":13}},"s":{"0":5,"1":5,"2":5,"3":5},"f":{},"b":{"0":[5,5],"1":[5],"2":[5],"3":[5],"4":[5],"5":[5]},"_coverageSchema":"1a1c01bbd47fc00a2c39e90264f33305004495a9","hash":"b7f67655790c7fdfa8253a4df56b429c0f9612f2"}
,"C:\\Users\\matth\\Documents\\Bootcamp\\Binar\\FinalProject\\controller\\index.js": {"path":"C:\\Users\\matth\\Documents\\Bootcamp\\Binar\\FinalProject\\controller\\index.js","statementMap":{"0":{"start":{"line":1,"column":0},"end":{"line":35,"column":2}}},"fnMap":{},"branchMap":{},"s":{"0":5},"f":{},"b":{},"_coverageSchema":"1a1c01bbd47fc00a2c39e90264f33305004495a9","hash":"1b3af19a2922f60e43afc2f6a427ff1eb12854f9"}
,"C:\\Users\\matth\\Documents\\Bootcamp\\Binar\\FinalProject\\controller\\encrypt-decrypt\\decrypt.js": {"path":"C:\\Users\\matth\\Documents\\Bootcamp\\Binar\\FinalProject\\controller\\encrypt-decrypt\\decrypt.js","statementMap":{"0":{"start":{"line":1,"column":15},"end":{"line":1,"column":32}},"1":{"start":{"line":4,"column":2},"end":{"line":12,"column":5}},"2":{"start":{"line":5,"column":4},"end":{"line":11,"column":7}},"3":{"start":{"line":6,"column":6},"end":{"line":10,"column":7}},"4":{"start":{"line":7,"column":8},"end":{"line":7,"column":20}},"5":{"start":{"line":9,"column":8},"end":{"line":9,"column":35}},"6":{"start":{"line":15,"column":0},"end":{"line":15,"column":33}}},"fnMap":{"0":{"name":"decryptPassword","decl":{"start":{"line":3,"column":15},"end":{"line":3,"column":30}},"loc":{"start":{"line":3,"column":60},"end":{"line":13,"column":1}},"line":3},"1":{"name":"(anonymous_1)","decl":{"start":{"line":4,"column":21},"end":{"line":4,"column":22}},"loc":{"start":{"line":4,"column":42},"end":{"line":12,"column":3}},"line":4},"2":{"name":"(anonymous_2)","decl":{"start":{"line":5,"column":48},"end":{"line":5,"column":49}},"loc":{"start":{"line":5,"column":76},"end":{"line":11,"column":5}},"line":5}},"branchMap":{"0":{"loc":{"start":{"line":6,"column":6},"end":{"line":10,"column":7}},"type":"if","locations":[{"start":{"line":6,"column":6},"end":{"line":10,"column":7}},{"start":{"line":8,"column":13},"end":{"line":10,"column":7}}],"line":6}},"s":{"0":5,"1":2,"2":2,"3":2,"4":0,"5":2,"6":5},"f":{"0":2,"1":2,"2":2},"b":{"0":[0,2]},"_coverageSchema":"1a1c01bbd47fc00a2c39e90264f33305004495a9","hash":"7079b19ac0c7b28157f138e12be9376c698d88df"}
,"C:\\Users\\matth\\Documents\\Bootcamp\\Binar\\FinalProject\\controller\\encrypt-decrypt\\encrypt.js": {"path":"C:\\Users\\matth\\Documents\\Bootcamp\\Binar\\FinalProject\\controller\\encrypt-decrypt\\encrypt.js","statementMap":{"0":{"start":{"line":1,"column":15},"end":{"line":1,"column":32}},"1":{"start":{"line":2,"column":13},"end":{"line":2,"column":15}},"2":{"start":{"line":5,"column":2},"end":{"line":13,"column":5}},"3":{"start":{"line":6,"column":4},"end":{"line":12,"column":7}},"4":{"start":{"line":7,"column":6},"end":{"line":11,"column":7}},"5":{"start":{"line":8,"column":8},"end":{"line":8,"column":20}},"6":{"start":{"line":10,"column":8},"end":{"line":10,"column":35}},"7":{"start":{"line":16,"column":0},"end":{"line":16,"column":33}}},"fnMap":{"0":{"name":"encryptPassword","decl":{"start":{"line":4,"column":15},"end":{"line":4,"column":30}},"loc":{"start":{"line":4,"column":41},"end":{"line":14,"column":1}},"line":4},"1":{"name":"(anonymous_1)","decl":{"start":{"line":5,"column":21},"end":{"line":5,"column":22}},"loc":{"start":{"line":5,"column":42},"end":{"line":13,"column":3}},"line":5},"2":{"name":"(anonymous_2)","decl":{"start":{"line":6,"column":32},"end":{"line":6,"column":33}},"loc":{"start":{"line":6,"column":60},"end":{"line":12,"column":5}},"line":6}},"branchMap":{"0":{"loc":{"start":{"line":7,"column":6},"end":{"line":11,"column":7}},"type":"if","locations":[{"start":{"line":7,"column":6},"end":{"line":11,"column":7}},{"start":{"line":9,"column":13},"end":{"line":11,"column":7}}],"line":7}},"s":{"0":5,"1":5,"2":1,"3":1,"4":1,"5":0,"6":1,"7":5},"f":{"0":1,"1":1,"2":1},"b":{"0":[0,1]},"_coverageSchema":"1a1c01bbd47fc00a2c39e90264f33305004495a9","hash":"523882d840e571f7cab8e9e45fe6c6e732659ad0"}
,"C:\\Users\\matth\\Documents\\Bootcamp\\Binar\\FinalProject\\controller\\middleware\\auth.js": {"path":"C:\\Users\\matth\\Documents\\Bootcamp\\Binar\\FinalProject\\controller\\middleware\\auth.js","statementMap":{"0":{"start":{"line":1,"column":12},"end":{"line":1,"column":35}},"1":{"start":{"line":2,"column":18},"end":{"line":2,"column":41}},"2":{"start":{"line":5,"column":2},"end":{"line":24,"column":3}},"3":{"start":{"line":6,"column":17},"end":{"line":6,"column":62}},"4":{"start":{"line":7,"column":19},"end":{"line":7,"column":47}},"5":{"start":{"line":8,"column":20},"end":{"line":8,"column":53}},"6":{"start":{"line":9,"column":4},"end":{"line":18,"column":5}},"7":{"start":{"line":10,"column":6},"end":{"line":10,"column":31}},"8":{"start":{"line":11,"column":6},"end":{"line":11,"column":13}},"9":{"start":{"line":12,"column":6},"end":{"line":12,"column":13}},"10":{"start":{"line":14,"column":6},"end":{"line":16,"column":9}},"11":{"start":{"line":17,"column":6},"end":{"line":17,"column":13}},"12":{"start":{"line":20,"column":4},"end":{"line":22,"column":7}},"13":{"start":{"line":23,"column":4},"end":{"line":23,"column":11}},"14":{"start":{"line":26,"column":0},"end":{"line":26,"column":22}}},"fnMap":{"0":{"name":"auth","decl":{"start":{"line":4,"column":15},"end":{"line":4,"column":19}},"loc":{"start":{"line":4,"column":36},"end":{"line":25,"column":1}},"line":4}},"branchMap":{"0":{"loc":{"start":{"line":9,"column":4},"end":{"line":18,"column":5}},"type":"if","locations":[{"start":{"line":9,"column":4},"end":{"line":18,"column":5}},{"start":{"line":13,"column":11},"end":{"line":18,"column":5}}],"line":9}},"s":{"0":5,"1":5,"2":0,"3":0,"4":0,"5":0,"6":0,"7":0,"8":0,"9":0,"10":0,"11":0,"12":0,"13":0,"14":5},"f":{"0":0},"b":{"0":[0,0]},"_coverageSchema":"1a1c01bbd47fc00a2c39e90264f33305004495a9","hash":"d366263c4d3d35a753d4db9ce48128fbdd8cb42d"}
,"C:\\Users\\matth\\Documents\\Bootcamp\\Binar\\FinalProject\\controller\\middleware\\postphoto.js": {"path":"C:\\Users\\matth\\Documents\\Bootcamp\\Binar\\FinalProject\\controller\\middleware\\postphoto.js","statementMap":{"0":{"start":{"line":2,"column":2},"end":{"line":10,"column":3}},"1":{"start":{"line":3,"column":4},"end":{"line":5,"column":7}},"2":{"start":{"line":7,"column":4},"end":{"line":9,"column":7}},"3":{"start":{"line":13,"column":0},"end":{"line":13,"column":27}}},"fnMap":{"0":{"name":"postPhoto","decl":{"start":{"line":1,"column":9},"end":{"line":1,"column":18}},"loc":{"start":{"line":1,"column":29},"end":{"line":11,"column":1}},"line":1}},"branchMap":{},"s":{"0":0,"1":0,"2":0,"3":5},"f":{"0":0},"b":{},"_coverageSchema":"1a1c01bbd47fc00a2c39e90264f33305004495a9","hash":"eed0417412f74b14dc6e48f75398de33293424c5"}
,"C:\\Users\\matth\\Documents\\Bootcamp\\Binar\\FinalProject\\controller\\middleware\\upload.js": {"path":"C:\\Users\\matth\\Documents\\Bootcamp\\Binar\\FinalProject\\controller\\middleware\\upload.js","statementMap":{"0":{"start":{"line":1,"column":15},"end":{"line":1,"column":32}},"1":{"start":{"line":2,"column":19},"end":{"line":2,"column":43}},"2":{"start":{"line":4,"column":30},"end":{"line":4,"column":66}},"3":{"start":{"line":6,"column":0},"end":{"line":10,"column":3}},"4":{"start":{"line":12,"column":23},"end":{"line":19,"column":2}},"5":{"start":{"line":21,"column":21},"end":{"line":28,"column":2}},"6":{"start":{"line":30,"column":27},"end":{"line":30,"column":62}},"7":{"start":{"line":31,"column":24},"end":{"line":31,"column":57}},"8":{"start":{"line":33,"column":0},"end":{"line":36,"column":2}}},"fnMap":{},"branchMap":{},"s":{"0":5,"1":5,"2":5,"3":5,"4":5,"5":5,"6":5,"7":5,"8":5},"f":{},"b":{},"_coverageSchema":"1a1c01bbd47fc00a2c39e90264f33305004495a9","hash":"ca488a3d90eea3e72a873caf0ee0a2fdbf918954"}
,"C:\\Users\\matth\\Documents\\Bootcamp\\Binar\\FinalProject\\controller\\offer\\finishoffer.js": {"path":"C:\\Users\\matth\\Documents\\Bootcamp\\Binar\\FinalProject\\controller\\offer\\finishoffer.js","statementMap":{"0":{"start":{"line":1,"column":51},"end":{"line":1,"column":74}},"1":{"start":{"line":4,"column":2},"end":{"line":72,"column":3}},"2":{"start":{"line":5,"column":19},"end":{"line":5,"column":31}},"3":{"start":{"line":7,"column":17},"end":{"line":7,"column":31}},"4":{"start":{"line":8,"column":18},"end":{"line":8,"column":31}},"5":{"start":{"line":9,"column":21},"end":{"line":9,"column":49}},"6":{"start":{"line":11,"column":4},"end":{"line":69,"column":5}},"7":{"start":{"line":12,"column":6},"end":{"line":64,"column":7}},"8":{"start":{"line":13,"column":22},"end":{"line":13,"column":68}},"9":{"start":{"line":14,"column":8},"end":{"line":42,"column":9}},"10":{"start":{"line":19,"column":10},"end":{"line":26,"column":12}},"11":{"start":{"line":28,"column":10},"end":{"line":33,"column":13}},"12":{"start":{"line":35,"column":10},"end":{"line":37,"column":13}},"13":{"start":{"line":39,"column":10},"end":{"line":41,"column":13}},"14":{"start":{"line":44,"column":22},"end":{"line":44,"column":68}},"15":{"start":{"line":45,"column":21},"end":{"line":45,"column":63}},"16":{"start":{"line":46,"column":8},"end":{"line":46,"column":63}},"17":{"start":{"line":47,"column":21},"end":{"line":50,"column":10}},"18":{"start":{"line":52,"column":8},"end":{"line":59,"column":9}},"19":{"start":{"line":53,"column":10},"end":{"line":58,"column":11}},"20":{"start":{"line":54,"column":12},"end":{"line":57,"column":14}},"21":{"start":{"line":61,"column":8},"end":{"line":63,"column":11}},"22":{"start":{"line":66,"column":6},"end":{"line":68,"column":9}},"23":{"start":{"line":71,"column":4},"end":{"line":71,"column":20}},"24":{"start":{"line":75,"column":0},"end":{"line":75,"column":29}}},"fnMap":{"0":{"name":"finishOffer","decl":{"start":{"line":3,"column":15},"end":{"line":3,"column":26}},"loc":{"start":{"line":3,"column":37},"end":{"line":73,"column":1}},"line":3}},"branchMap":{"0":{"loc":{"start":{"line":11,"column":4},"end":{"line":69,"column":5}},"type":"if","locations":[{"start":{"line":11,"column":4},"end":{"line":69,"column":5}},{"start":{"line":65,"column":11},"end":{"line":69,"column":5}}],"line":11},"1":{"loc":{"start":{"line":12,"column":6},"end":{"line":64,"column":7}},"type":"if","locations":[{"start":{"line":12,"column":6},"end":{"line":64,"column":7}},{"start":{"line":43,"column":13},"end":{"line":64,"column":7}}],"line":12},"2":{"loc":{"start":{"line":14,"column":8},"end":{"line":42,"column":9}},"type":"if","locations":[{"start":{"line":14,"column":8},"end":{"line":42,"column":9}},{"start":{"line":38,"column":15},"end":{"line":42,"column":9}}],"line":14},"3":{"loc":{"start":{"line":15,"column":10},"end":{"line":17,"column":34}},"type":"binary-expr","locations":[{"start":{"line":15,"column":10},"end":{"line":15,"column":40}},{"start":{"line":16,"column":10},"end":{"line":16,"column":35}},{"start":{"line":17,"column":10},"end":{"line":17,"column":34}}],"line":15},"4":{"loc":{"start":{"line":52,"column":8},"end":{"line":59,"column":9}},"type":"if","locations":[{"start":{"line":52,"column":8},"end":{"line":59,"column":9}},{"start":{},"end":{}}],"line":52}},"s":{"0":5,"1":0,"2":0,"3":0,"4":0,"5":0,"6":0,"7":0,"8":0,"9":0,"10":0,"11":0,"12":0,"13":0,"14":0,"15":0,"16":0,"17":0,"18":0,"19":0,"20":0,"21":0,"22":0,"23":0,"24":5},"f":{"0":0},"b":{"0":[0,0],"1":[0,0],"2":[0,0],"3":[0,0,0],"4":[0,0]},"_coverageSchema":"1a1c01bbd47fc00a2c39e90264f33305004495a9","hash":"c079e0dbdd840a374f3aa71a8e7aeaa3c717f0e7"}
,"C:\\Users\\matth\\Documents\\Bootcamp\\Binar\\FinalProject\\controller\\offer\\offerproduct.js": {"path":"C:\\Users\\matth\\Documents\\Bootcamp\\Binar\\FinalProject\\controller\\offer\\offerproduct.js","statementMap":{"0":{"start":{"line":1,"column":51},"end":{"line":1,"column":74}},"1":{"start":{"line":4,"column":2},"end":{"line":80,"column":3}},"2":{"start":{"line":5,"column":19},"end":{"line":5,"column":31}},"3":{"start":{"line":7,"column":21},"end":{"line":7,"column":35}},"4":{"start":{"line":8,"column":25},"end":{"line":8,"column":38}},"5":{"start":{"line":10,"column":21},"end":{"line":12,"column":6}},"6":{"start":{"line":14,"column":18},"end":{"line":14,"column":57}},"7":{"start":{"line":16,"column":4},"end":{"line":77,"column":5}},"8":{"start":{"line":17,"column":6},"end":{"line":72,"column":7}},"9":{"start":{"line":18,"column":8},"end":{"line":21,"column":11}},"10":{"start":{"line":23,"column":8},"end":{"line":71,"column":9}},"11":{"start":{"line":24,"column":10},"end":{"line":68,"column":11}},"12":{"start":{"line":25,"column":35},"end":{"line":27,"column":14}},"13":{"start":{"line":31,"column":12},"end":{"line":44,"column":13}},"14":{"start":{"line":32,"column":14},"end":{"line":37,"column":17}},"15":{"start":{"line":39,"column":14},"end":{"line":43,"column":17}},"16":{"start":{"line":46,"column":12},"end":{"line":59,"column":13}},"17":{"start":{"line":46,"column":25},"end":{"line":46,"column":26}},"18":{"start":{"line":47,"column":23},"end":{"line":47,"column":34}},"19":{"start":{"line":48,"column":14},"end":{"line":51,"column":15}},"20":{"start":{"line":49,"column":28},"end":{"line":49,"column":65}},"21":{"start":{"line":50,"column":16},"end":{"line":50,"column":30}},"22":{"start":{"line":53,"column":14},"end":{"line":58,"column":17}},"23":{"start":{"line":61,"column":12},"end":{"line":63,"column":15}},"24":{"start":{"line":65,"column":12},"end":{"line":67,"column":14}},"25":{"start":{"line":70,"column":10},"end":{"line":70,"column":51}},"26":{"start":{"line":74,"column":6},"end":{"line":76,"column":9}},"27":{"start":{"line":79,"column":4},"end":{"line":79,"column":20}},"28":{"start":{"line":83,"column":0},"end":{"line":83,"column":30}}},"fnMap":{"0":{"name":"offerProduct","decl":{"start":{"line":3,"column":15},"end":{"line":3,"column":27}},"loc":{"start":{"line":3,"column":38},"end":{"line":81,"column":1}},"line":3}},"branchMap":{"0":{"loc":{"start":{"line":16,"column":4},"end":{"line":77,"column":5}},"type":"if","locations":[{"start":{"line":16,"column":4},"end":{"line":77,"column":5}},{"start":{"line":73,"column":11},"end":{"line":77,"column":5}}],"line":16},"1":{"loc":{"start":{"line":17,"column":6},"end":{"line":72,"column":7}},"type":"if","locations":[{"start":{"line":17,"column":6},"end":{"line":72,"column":7}},{"start":{"line":22,"column":13},"end":{"line":72,"column":7}}],"line":17},"2":{"loc":{"start":{"line":23,"column":8},"end":{"line":71,"column":9}},"type":"if","locations":[{"start":{"line":23,"column":8},"end":{"line":71,"column":9}},{"start":{"line":69,"column":15},"end":{"line":71,"column":9}}],"line":23},"3":{"loc":{"start":{"line":24,"column":10},"end":{"line":68,"column":11}},"type":"if","locations":[{"start":{"line":24,"column":10},"end":{"line":68,"column":11}},{"start":{"line":64,"column":17},"end":{"line":68,"column":11}}],"line":24},"4":{"loc":{"start":{"line":31,"column":12},"end":{"line":44,"column":13}},"type":"if","locations":[{"start":{"line":31,"column":12},"end":{"line":44,"column":13}},{"start":{"line":38,"column":19},"end":{"line":44,"column":13}}],"line":31},"5":{"loc":{"start":{"line":48,"column":14},"end":{"line":51,"column":15}},"type":"if","locations":[{"start":{"line":48,"column":14},"end":{"line":51,"column":15}},{"start":{},"end":{}}],"line":48}},"s":{"0":5,"1":0,"2":0,"3":0,"4":0,"5":0,"6":0,"7":0,"8":0,"9":0,"10":0,"11":0,"12":0,"13":0,"14":0,"15":0,"16":0,"17":0,"18":0,"19":0,"20":0,"21":0,"22":0,"23":0,"24":0,"25":0,"26":0,"27":0,"28":5},"f":{"0":0},"b":{"0":[0,0],"1":[0,0],"2":[0,0],"3":[0,0],"4":[0,0],"5":[0,0]},"_coverageSchema":"1a1c01bbd47fc00a2c39e90264f33305004495a9","hash":"bc5a638b75353631cf384c6c91c41c2c20649ad2"}
,"C:\\Users\\matth\\Documents\\Bootcamp\\Binar\\FinalProject\\controller\\offer\\updateoffer.js": {"path":"C:\\Users\\matth\\Documents\\Bootcamp\\Binar\\FinalProject\\controller\\offer\\updateoffer.js","statementMap":{"0":{"start":{"line":7,"column":4},"end":{"line":7,"column":27}},"1":{"start":{"line":9,"column":11},"end":{"line":9,"column":23}},"2":{"start":{"line":12,"column":2},"end":{"line":81,"column":3}},"3":{"start":{"line":13,"column":19},"end":{"line":13,"column":31}},"4":{"start":{"line":15,"column":22},"end":{"line":15,"column":35}},"5":{"start":{"line":16,"column":17},"end":{"line":16,"column":31}},"6":{"start":{"line":17,"column":16},"end":{"line":17,"column":50}},"7":{"start":{"line":19,"column":4},"end":{"line":78,"column":5}},"8":{"start":{"line":20,"column":20},"end":{"line":20,"column":61}},"9":{"start":{"line":21,"column":6},"end":{"line":77,"column":7}},"10":{"start":{"line":22,"column":8},"end":{"line":65,"column":9}},"11":{"start":{"line":23,"column":33},"end":{"line":30,"column":12}},"12":{"start":{"line":32,"column":10},"end":{"line":39,"column":12}},"13":{"start":{"line":41,"column":10},"end":{"line":47,"column":13}},"14":{"start":{"line":49,"column":10},"end":{"line":58,"column":11}},"15":{"start":{"line":50,"column":12},"end":{"line":57,"column":14}},"16":{"start":{"line":60,"column":25},"end":{"line":60,"column":62}},"17":{"start":{"line":62,"column":10},"end":{"line":64,"column":13}},"18":{"start":{"line":67,"column":8},"end":{"line":76,"column":9}},"19":{"start":{"line":68,"column":10},"end":{"line":68,"column":60}},"20":{"start":{"line":69,"column":10},"end":{"line":71,"column":13}},"21":{"start":{"line":73,"column":10},"end":{"line":75,"column":13}},"22":{"start":{"line":80,"column":4},"end":{"line":80,"column":20}},"23":{"start":{"line":84,"column":0},"end":{"line":84,"column":29}}},"fnMap":{"0":{"name":"acceptOffer","decl":{"start":{"line":11,"column":15},"end":{"line":11,"column":26}},"loc":{"start":{"line":11,"column":37},"end":{"line":82,"column":1}},"line":11}},"branchMap":{"0":{"loc":{"start":{"line":19,"column":4},"end":{"line":78,"column":5}},"type":"if","locations":[{"start":{"line":19,"column":4},"end":{"line":78,"column":5}},{"start":{},"end":{}}],"line":19},"1":{"loc":{"start":{"line":21,"column":6},"end":{"line":77,"column":7}},"type":"if","locations":[{"start":{"line":21,"column":6},"end":{"line":77,"column":7}},{"start":{"line":66,"column":13},"end":{"line":77,"column":7}}],"line":21},"2":{"loc":{"start":{"line":22,"column":8},"end":{"line":65,"column":9}},"type":"if","locations":[{"start":{"line":22,"column":8},"end":{"line":65,"column":9}},{"start":{},"end":{}}],"line":22},"3":{"loc":{"start":{"line":67,"column":8},"end":{"line":76,"column":9}},"type":"if","locations":[{"start":{"line":67,"column":8},"end":{"line":76,"column":9}},{"start":{"line":72,"column":15},"end":{"line":76,"column":9}}],"line":67}},"s":{"0":5,"1":5,"2":0,"3":0,"4":0,"5":0,"6":0,"7":0,"8":0,"9":0,"10":0,"11":0,"12":0,"13":0,"14":0,"15":0,"16":0,"17":0,"18":0,"19":0,"20":0,"21":0,"22":0,"23":5},"f":{"0":0},"b":{"0":[0,0],"1":[0,0],"2":[0,0],"3":[0,0]},"_coverageSchema":"1a1c01bbd47fc00a2c39e90264f33305004495a9","hash":"daa641ff05de3856eee2bfdaeab3ec183d4b9c45"}
,"C:\\Users\\matth\\Documents\\Bootcamp\\Binar\\FinalProject\\controller\\product\\deleteproduct.js": {"path":"C:\\Users\\matth\\Documents\\Bootcamp\\Binar\\FinalProject\\controller\\product\\deleteproduct.js","statementMap":{"0":{"start":{"line":1,"column":21},"end":{"line":1,"column":44}},"1":{"start":{"line":3,"column":2},"end":{"line":23,"column":3}},"2":{"start":{"line":4,"column":19},"end":{"line":4,"column":31}},"3":{"start":{"line":5,"column":20},"end":{"line":5,"column":33}},"4":{"start":{"line":6,"column":25},"end":{"line":6,"column":57}},"5":{"start":{"line":8,"column":4},"end":{"line":19,"column":5}},"6":{"start":{"line":9,"column":6},"end":{"line":16,"column":7}},"7":{"start":{"line":10,"column":8},"end":{"line":10,"column":59}},"8":{"start":{"line":11,"column":8},"end":{"line":11,"column":80}},"9":{"start":{"line":13,"column":8},"end":{"line":15,"column":11}},"10":{"start":{"line":18,"column":6},"end":{"line":18,"column":66}},"11":{"start":{"line":21,"column":4},"end":{"line":21,"column":20}},"12":{"start":{"line":22,"column":4},"end":{"line":22,"column":11}},"13":{"start":{"line":26,"column":0},"end":{"line":26,"column":31}}},"fnMap":{"0":{"name":"deleteProduct","decl":{"start":{"line":2,"column":15},"end":{"line":2,"column":28}},"loc":{"start":{"line":2,"column":39},"end":{"line":24,"column":1}},"line":2}},"branchMap":{"0":{"loc":{"start":{"line":8,"column":4},"end":{"line":19,"column":5}},"type":"if","locations":[{"start":{"line":8,"column":4},"end":{"line":19,"column":5}},{"start":{"line":17,"column":11},"end":{"line":19,"column":5}}],"line":8},"1":{"loc":{"start":{"line":9,"column":6},"end":{"line":16,"column":7}},"type":"if","locations":[{"start":{"line":9,"column":6},"end":{"line":16,"column":7}},{"start":{"line":12,"column":13},"end":{"line":16,"column":7}}],"line":9}},"s":{"0":5,"1":0,"2":0,"3":0,"4":0,"5":0,"6":0,"7":0,"8":0,"9":0,"10":0,"11":0,"12":0,"13":5},"f":{"0":0},"b":{"0":[0,0],"1":[0,0]},"_coverageSchema":"1a1c01bbd47fc00a2c39e90264f33305004495a9","hash":"c872ac3247b75b155fbf4cf9e7db843035d336f3"}
,"C:\\Users\\matth\\Documents\\Bootcamp\\Binar\\FinalProject\\controller\\product\\getproductbyid.js": {"path":"C:\\Users\\matth\\Documents\\Bootcamp\\Binar\\FinalProject\\controller\\product\\getproductbyid.js","statementMap":{"0":{"start":{"line":1,"column":48},"end":{"line":1,"column":71}},"1":{"start":{"line":4,"column":2},"end":{"line":37,"column":3}},"2":{"start":{"line":5,"column":20},"end":{"line":5,"column":33}},"3":{"start":{"line":7,"column":20},"end":{"line":9,"column":6}},"4":{"start":{"line":11,"column":4},"end":{"line":34,"column":5}},"5":{"start":{"line":12,"column":27},"end":{"line":12,"column":64}},"6":{"start":{"line":13,"column":23},"end":{"line":13,"column":69}},"7":{"start":{"line":14,"column":17},"end":{"line":23,"column":7}},"8":{"start":{"line":25,"column":25},"end":{"line":27,"column":8}},"9":{"start":{"line":28,"column":6},"end":{"line":30,"column":7}},"10":{"start":{"line":29,"column":8},"end":{"line":29,"column":45}},"11":{"start":{"line":31,"column":6},"end":{"line":31,"column":33}},"12":{"start":{"line":33,"column":6},"end":{"line":33,"column":48}},"13":{"start":{"line":36,"column":4},"end":{"line":36,"column":53}},"14":{"start":{"line":40,"column":0},"end":{"line":40,"column":32}}},"fnMap":{"0":{"name":"getProductById","decl":{"start":{"line":3,"column":15},"end":{"line":3,"column":29}},"loc":{"start":{"line":3,"column":40},"end":{"line":38,"column":1}},"line":3}},"branchMap":{"0":{"loc":{"start":{"line":11,"column":4},"end":{"line":34,"column":5}},"type":"if","locations":[{"start":{"line":11,"column":4},"end":{"line":34,"column":5}},{"start":{"line":32,"column":11},"end":{"line":34,"column":5}}],"line":11},"1":{"loc":{"start":{"line":18,"column":18},"end":{"line":18,"column":65}},"type":"cond-expr","locations":[{"start":{"line":18,"column":29},"end":{"line":18,"column":42}},{"start":{"line":18,"column":45},"end":{"line":18,"column":65}}],"line":18}},"s":{"0":5,"1":2,"2":2,"3":2,"4":2,"5":1,"6":1,"7":1,"8":1,"9":1,"10":42,"11":1,"12":1,"13":1,"14":5},"f":{"0":2},"b":{"0":[1,1],"1":[1,0]},"_coverageSchema":"1a1c01bbd47fc00a2c39e90264f33305004495a9","hash":"2bc636da040fe5a43f910191633afc4ae43308b0"}
,"C:\\Users\\matth\\Documents\\Bootcamp\\Binar\\FinalProject\\controller\\product\\getproducts.js": {"path":"C:\\Users\\matth\\Documents\\Bootcamp\\Binar\\FinalProject\\controller\\product\\getproducts.js","statementMap":{"0":{"start":{"line":7,"column":4},"end":{"line":7,"column":27}},"1":{"start":{"line":10,"column":2},"end":{"line":63,"column":3}},"2":{"start":{"line":11,"column":25},"end":{"line":14,"column":6}},"3":{"start":{"line":16,"column":21},"end":{"line":16,"column":23}},"4":{"start":{"line":18,"column":4},"end":{"line":59,"column":5}},"5":{"start":{"line":19,"column":27},"end":{"line":19,"column":72}},"6":{"start":{"line":20,"column":23},"end":{"line":20,"column":77}},"7":{"start":{"line":21,"column":20},"end":{"line":23,"column":8}},"8":{"start":{"line":24,"column":17},"end":{"line":33,"column":7}},"9":{"start":{"line":58,"column":6},"end":{"line":58,"column":26}},"10":{"start":{"line":60,"column":4},"end":{"line":60,"column":49}},"11":{"start":{"line":62,"column":4},"end":{"line":62,"column":20}},"12":{"start":{"line":66,"column":0},"end":{"line":66,"column":28}}},"fnMap":{"0":{"name":"getProduct","decl":{"start":{"line":9,"column":15},"end":{"line":9,"column":25}},"loc":{"start":{"line":9,"column":36},"end":{"line":64,"column":1}},"line":9}},"branchMap":{"0":{"loc":{"start":{"line":28,"column":18},"end":{"line":28,"column":65}},"type":"cond-expr","locations":[{"start":{"line":28,"column":29},"end":{"line":28,"column":42}},{"start":{"line":28,"column":45},"end":{"line":28,"column":65}}],"line":28}},"s":{"0":5,"1":1,"2":1,"3":1,"4":1,"5":1,"6":1,"7":1,"8":1,"9":0,"10":0,"11":1,"12":5},"f":{"0":1},"b":{"0":[1,0]},"_coverageSchema":"1a1c01bbd47fc00a2c39e90264f33305004495a9","hash":"610f199d1bc586a82f1f7895c9fa8eaab4ad921a"}
,"C:\\Users\\matth\\Documents\\Bootcamp\\Binar\\FinalProject\\controller\\product\\postproduct.js": {"path":"C:\\Users\\matth\\Documents\\Bootcamp\\Binar\\FinalProject\\controller\\product\\postproduct.js","statementMap":{"0":{"start":{"line":1,"column":44},"end":{"line":1,"column":67}},"1":{"start":{"line":4,"column":2},"end":{"line":40,"column":3}},"2":{"start":{"line":5,"column":19},"end":{"line":5,"column":31}},"3":{"start":{"line":7,"column":22},"end":{"line":13,"column":5}},"4":{"start":{"line":15,"column":23},"end":{"line":15,"column":37}},"5":{"start":{"line":17,"column":23},"end":{"line":17,"column":55}},"6":{"start":{"line":19,"column":4},"end":{"line":37,"column":5}},"7":{"start":{"line":20,"column":6},"end":{"line":24,"column":9}},"8":{"start":{"line":25,"column":6},"end":{"line":30,"column":7}},"9":{"start":{"line":26,"column":8},"end":{"line":29,"column":11}},"10":{"start":{"line":32,"column":6},"end":{"line":34,"column":72}},"11":{"start":{"line":36,"column":6},"end":{"line":36,"column":73}},"12":{"start":{"line":39,"column":4},"end":{"line":39,"column":20}},"13":{"start":{"line":43,"column":0},"end":{"line":43,"column":29}}},"fnMap":{"0":{"name":"postProduct","decl":{"start":{"line":3,"column":15},"end":{"line":3,"column":26}},"loc":{"start":{"line":3,"column":37},"end":{"line":41,"column":1}},"line":3}},"branchMap":{"0":{"loc":{"start":{"line":19,"column":4},"end":{"line":37,"column":5}},"type":"if","locations":[{"start":{"line":19,"column":4},"end":{"line":37,"column":5}},{"start":{"line":35,"column":11},"end":{"line":37,"column":5}}],"line":19}},"s":{"0":5,"1":0,"2":0,"3":0,"4":0,"5":0,"6":0,"7":0,"8":0,"9":0,"10":0,"11":0,"12":0,"13":5},"f":{"0":0},"b":{"0":[0,0]},"_coverageSchema":"1a1c01bbd47fc00a2c39e90264f33305004495a9","hash":"b3a7f7e993559add9b759b4afb911f2db9f4aee2"}
,"C:\\Users\\matth\\Documents\\Bootcamp\\Binar\\FinalProject\\controller\\product\\putproduct.js": {"path":"C:\\Users\\matth\\Documents\\Bootcamp\\Binar\\FinalProject\\controller\\product\\putproduct.js","statementMap":{"0":{"start":{"line":1,"column":36},"end":{"line":1,"column":59}},"1":{"start":{"line":4,"column":2},"end":{"line":44,"column":3}},"2":{"start":{"line":5,"column":19},"end":{"line":5,"column":31}},"3":{"start":{"line":6,"column":20},"end":{"line":6,"column":33}},"4":{"start":{"line":8,"column":20},"end":{"line":8,"column":52}},"5":{"start":{"line":10,"column":4},"end":{"line":41,"column":5}},"6":{"start":{"line":11,"column":6},"end":{"line":36,"column":7}},"7":{"start":{"line":12,"column":26},"end":{"line":17,"column":9}},"8":{"start":{"line":18,"column":8},"end":{"line":18,"column":59}},"9":{"start":{"line":20,"column":30},"end":{"line":22,"column":10}},"10":{"start":{"line":24,"column":8},"end":{"line":33,"column":9}},"11":{"start":{"line":25,"column":10},"end":{"line":29,"column":13}},"12":{"start":{"line":30,"column":10},"end":{"line":30,"column":76}},"13":{"start":{"line":32,"column":10},"end":{"line":32,"column":56}},"14":{"start":{"line":35,"column":8},"end":{"line":35,"column":71}},"15":{"start":{"line":38,"column":6},"end":{"line":40,"column":9}},"16":{"start":{"line":43,"column":4},"end":{"line":43,"column":20}},"17":{"start":{"line":46,"column":0},"end":{"line":46,"column":28}}},"fnMap":{"0":{"name":"putProduct","decl":{"start":{"line":3,"column":15},"end":{"line":3,"column":25}},"loc":{"start":{"line":3,"column":36},"end":{"line":45,"column":1}},"line":3}},"branchMap":{"0":{"loc":{"start":{"line":10,"column":4},"end":{"line":41,"column":5}},"type":"if","locations":[{"start":{"line":10,"column":4},"end":{"line":41,"column":5}},{"start":{"line":37,"column":11},"end":{"line":41,"column":5}}],"line":10},"1":{"loc":{"start":{"line":11,"column":6},"end":{"line":36,"column":7}},"type":"if","locations":[{"start":{"line":11,"column":6},"end":{"line":36,"column":7}},{"start":{"line":34,"column":13},"end":{"line":36,"column":7}}],"line":11},"2":{"loc":{"start":{"line":24,"column":8},"end":{"line":33,"column":9}},"type":"if","locations":[{"start":{"line":24,"column":8},"end":{"line":33,"column":9}},{"start":{"line":31,"column":15},"end":{"line":33,"column":9}}],"line":24}},"s":{"0":5,"1":0,"2":0,"3":0,"4":0,"5":0,"6":0,"7":0,"8":0,"9":0,"10":0,"11":0,"12":0,"13":0,"14":0,"15":0,"16":0,"17":5},"f":{"0":0},"b":{"0":[0,0],"1":[0,0],"2":[0,0]},"_coverageSchema":"1a1c01bbd47fc00a2c39e90264f33305004495a9","hash":"d618f1a28e918ee9bd3e2775e7454912826c84b8"}
,"C:\\Users\\matth\\Documents\\Bootcamp\\Binar\\FinalProject\\controller\\success\\success.js": {"path":"C:\\Users\\matth\\Documents\\Bootcamp\\Binar\\FinalProject\\controller\\success\\success.js","statementMap":{"0":{"start":{"line":2,"column":2},"end":{"line":2,"column":29}},"1":{"start":{"line":5,"column":0},"end":{"line":5,"column":25}}},"fnMap":{"0":{"name":"success","decl":{"start":{"line":1,"column":9},"end":{"line":1,"column":16}},"loc":{"start":{"line":1,"column":27},"end":{"line":3,"column":1}},"line":1}},"branchMap":{},"s":{"0":0,"1":5},"f":{"0":0},"b":{},"_coverageSchema":"1a1c01bbd47fc00a2c39e90264f33305004495a9","hash":"0b6cf84ec22a2dfa699c94b2f7fae93d9e727747"}
,"C:\\Users\\matth\\Documents\\Bootcamp\\Binar\\FinalProject\\controller\\user\\details.js": {"path":"C:\\Users\\matth\\Documents\\Bootcamp\\Binar\\FinalProject\\controller\\user\\details.js","statementMap":{"0":{"start":{"line":1,"column":26},"end":{"line":1,"column":49}},"1":{"start":{"line":4,"column":2},"end":{"line":41,"column":3}},"2":{"start":{"line":5,"column":19},"end":{"line":5,"column":31}},"3":{"start":{"line":7,"column":20},"end":{"line":7,"column":53}},"4":{"start":{"line":9,"column":4},"end":{"line":38,"column":5}},"5":{"start":{"line":10,"column":22},"end":{"line":10,"column":35}},"6":{"start":{"line":11,"column":25},"end":{"line":11,"column":41}},"7":{"start":{"line":12,"column":23},"end":{"line":12,"column":44}},"8":{"start":{"line":13,"column":23},"end":{"line":13,"column":37}},"9":{"start":{"line":15,"column":24},"end":{"line":17,"column":8}},"10":{"start":{"line":19,"column":6},"end":{"line":21,"column":7}},"11":{"start":{"line":20,"column":8},"end":{"line":20,"column":68}},"12":{"start":{"line":23,"column":6},"end":{"line":33,"column":8}},"13":{"start":{"line":35,"column":6},"end":{"line":37,"column":9}},"14":{"start":{"line":40,"column":4},"end":{"line":40,"column":20}},"15":{"start":{"line":44,"column":0},"end":{"line":44,"column":25}}},"fnMap":{"0":{"name":"details","decl":{"start":{"line":3,"column":15},"end":{"line":3,"column":22}},"loc":{"start":{"line":3,"column":33},"end":{"line":42,"column":1}},"line":3}},"branchMap":{"0":{"loc":{"start":{"line":9,"column":4},"end":{"line":38,"column":5}},"type":"if","locations":[{"start":{"line":9,"column":4},"end":{"line":38,"column":5}},{"start":{},"end":{}}],"line":9},"1":{"loc":{"start":{"line":19,"column":6},"end":{"line":21,"column":7}},"type":"if","locations":[{"start":{"line":19,"column":6},"end":{"line":21,"column":7}},{"start":{},"end":{}}],"line":19}},"s":{"0":5,"1":0,"2":0,"3":0,"4":0,"5":0,"6":0,"7":0,"8":0,"9":0,"10":0,"11":0,"12":0,"13":0,"14":0,"15":5},"f":{"0":0},"b":{"0":[0,0],"1":[0,0]},"_coverageSchema":"1a1c01bbd47fc00a2c39e90264f33305004495a9","hash":"177209a69a9a9ecac2d68bff9d28b75c54b6c7d1"}
,"C:\\Users\\matth\\Documents\\Bootcamp\\Binar\\FinalProject\\controller\\user\\login.js": {"path":"C:\\Users\\matth\\Documents\\Bootcamp\\Binar\\FinalProject\\controller\\user\\login.js","statementMap":{"0":{"start":{"line":1,"column":18},"end":{"line":1,"column":41}},"1":{"start":{"line":2,"column":24},"end":{"line":2,"column":61}},"2":{"start":{"line":3,"column":12},"end":{"line":3,"column":35}},"3":{"start":{"line":6,"column":2},"end":{"line":44,"column":3}},"4":{"start":{"line":7,"column":21},"end":{"line":7,"column":35}},"5":{"start":{"line":8,"column":24},"end":{"line":8,"column":41}},"6":{"start":{"line":9,"column":4},"end":{"line":11,"column":5}},"7":{"start":{"line":10,"column":6},"end":{"line":10,"column":43}},"8":{"start":{"line":13,"column":23},"end":{"line":15,"column":6}},"9":{"start":{"line":17,"column":4},"end":{"line":41,"column":5}},"10":{"start":{"line":18,"column":6},"end":{"line":38,"column":7}},"11":{"start":{"line":19,"column":35},"end":{"line":22,"column":9}},"12":{"start":{"line":23,"column":8},"end":{"line":35,"column":9}},"13":{"start":{"line":24,"column":25},"end":{"line":28,"column":11}},"14":{"start":{"line":29,"column":22},"end":{"line":29,"column":50}},"15":{"start":{"line":30,"column":10},"end":{"line":32,"column":13}},"16":{"start":{"line":34,"column":10},"end":{"line":34,"column":76}},"17":{"start":{"line":37,"column":8},"end":{"line":37,"column":71}},"18":{"start":{"line":40,"column":6},"end":{"line":40,"column":72}},"19":{"start":{"line":43,"column":4},"end":{"line":43,"column":53}},"20":{"start":{"line":47,"column":0},"end":{"line":47,"column":23}}},"fnMap":{"0":{"name":"login","decl":{"start":{"line":5,"column":15},"end":{"line":5,"column":20}},"loc":{"start":{"line":5,"column":31},"end":{"line":45,"column":1}},"line":5}},"branchMap":{"0":{"loc":{"start":{"line":9,"column":4},"end":{"line":11,"column":5}},"type":"if","locations":[{"start":{"line":9,"column":4},"end":{"line":11,"column":5}},{"start":{},"end":{}}],"line":9},"1":{"loc":{"start":{"line":17,"column":4},"end":{"line":41,"column":5}},"type":"if","locations":[{"start":{"line":17,"column":4},"end":{"line":41,"column":5}},{"start":{"line":39,"column":11},"end":{"line":41,"column":5}}],"line":17},"2":{"loc":{"start":{"line":18,"column":6},"end":{"line":38,"column":7}},"type":"if","locations":[{"start":{"line":18,"column":6},"end":{"line":38,"column":7}},{"start":{"line":36,"column":13},"end":{"line":38,"column":7}}],"line":18},"3":{"loc":{"start":{"line":23,"column":8},"end":{"line":35,"column":9}},"type":"if","locations":[{"start":{"line":23,"column":8},"end":{"line":35,"column":9}},{"start":{"line":33,"column":15},"end":{"line":35,"column":9}}],"line":23}},"s":{"0":5,"1":5,"2":5,"3":5,"4":5,"5":5,"6":5,"7":1,"8":4,"9":4,"10":3,"11":2,"12":2,"13":1,"14":1,"15":1,"16":1,"17":1,"18":1,"19":1,"20":5},"f":{"0":5},"b":{"0":[1,4],"1":[3,1],"2":[2,1],"3":[1,1]},"_coverageSchema":"1a1c01bbd47fc00a2c39e90264f33305004495a9","hash":"6331392d683975bd2e9680239cd2571b197583ee"}
,"C:\\Users\\matth\\Documents\\Bootcamp\\Binar\\FinalProject\\controller\\user\\notification.js": {"path":"C:\\Users\\matth\\Documents\\Bootcamp\\Binar\\FinalProject\\controller\\user\\notification.js","statementMap":{"0":{"start":{"line":7,"column":4},"end":{"line":7,"column":27}},"1":{"start":{"line":10,"column":2},"end":{"line":99,"column":3}},"2":{"start":{"line":11,"column":19},"end":{"line":11,"column":31}},"3":{"start":{"line":13,"column":15},"end":{"line":13,"column":48}},"4":{"start":{"line":15,"column":4},"end":{"line":96,"column":5}},"5":{"start":{"line":16,"column":29},"end":{"line":16,"column":31}},"6":{"start":{"line":18,"column":28},"end":{"line":22,"column":8}},"7":{"start":{"line":24,"column":6},"end":{"line":83,"column":7}},"8":{"start":{"line":25,"column":27},"end":{"line":27,"column":9}},"9":{"start":{"line":28,"column":25},"end":{"line":30,"column":10}},"10":{"start":{"line":32,"column":23},"end":{"line":34,"column":10}},"11":{"start":{"line":36,"column":8},"end":{"line":82,"column":9}},"12":{"start":{"line":37,"column":10},"end":{"line":72,"column":11}},"13":{"start":{"line":38,"column":35},"end":{"line":45,"column":13}},"14":{"start":{"line":46,"column":12},"end":{"line":46,"column":52}},"15":{"start":{"line":48,"column":28},"end":{"line":48,"column":54}},"16":{"start":{"line":50,"column":12},"end":{"line":71,"column":13}},"17":{"start":{"line":51,"column":37},"end":{"line":59,"column":15}},"18":{"start":{"line":60,"column":14},"end":{"line":60,"column":54}},"19":{"start":{"line":62,"column":37},"end":{"line":69,"column":15}},"20":{"start":{"line":70,"column":14},"end":{"line":70,"column":54}},"21":{"start":{"line":74,"column":33},"end":{"line":80,"column":11}},"22":{"start":{"line":81,"column":10},"end":{"line":81,"column":50}},"23":{"start":{"line":85,"column":6},"end":{"line":93,"column":7}},"24":{"start":{"line":86,"column":8},"end":{"line":90,"column":10}},"25":{"start":{"line":88,"column":12},"end":{"line":88,"column":55}},"26":{"start":{"line":92,"column":8},"end":{"line":92,"column":64}},"27":{"start":{"line":95,"column":6},"end":{"line":95,"column":36}},"28":{"start":{"line":98,"column":4},"end":{"line":98,"column":20}},"29":{"start":{"line":102,"column":0},"end":{"line":102,"column":30}}},"fnMap":{"0":{"name":"notification","decl":{"start":{"line":9,"column":15},"end":{"line":9,"column":27}},"loc":{"start":{"line":9,"column":38},"end":{"line":100,"column":1}},"line":9},"1":{"name":"(anonymous_1)","decl":{"start":{"line":87,"column":32},"end":{"line":87,"column":33}},"loc":{"start":{"line":87,"column":48},"end":{"line":89,"column":11}},"line":87}},"branchMap":{"0":{"loc":{"start":{"line":15,"column":4},"end":{"line":96,"column":5}},"type":"if","locations":[{"start":{"line":15,"column":4},"end":{"line":96,"column":5}},{"start":{"line":94,"column":11},"end":{"line":96,"column":5}}],"line":15},"1":{"loc":{"start":{"line":36,"column":8},"end":{"line":82,"column":9}},"type":"if","locations":[{"start":{"line":36,"column":8},"end":{"line":82,"column":9}},{"start":{"line":73,"column":15},"end":{"line":82,"column":9}}],"line":36},"2":{"loc":{"start":{"line":37,"column":10},"end":{"line":72,"column":11}},"type":"if","locations":[{"start":{"line":37,"column":10},"end":{"line":72,"column":11}},{"start":{"line":47,"column":17},"end":{"line":72,"column":11}}],"line":37},"3":{"loc":{"start":{"line":50,"column":12},"end":{"line":71,"column":13}},"type":"if","locations":[{"start":{"line":50,"column":12},"end":{"line":71,"column":13}},{"start":{"line":61,"column":19},"end":{"line":71,"column":13}}],"line":50},"4":{"loc":{"start":{"line":85,"column":6},"end":{"line":93,"column":7}},"type":"if","locations":[{"start":{"line":85,"column":6},"end":{"line":93,"column":7}},{"start":{"line":91,"column":13},"end":{"line":93,"column":7}}],"line":85}},"s":{"0":5,"1":0,"2":0,"3":0,"4":0,"5":0,"6":0,"7":0,"8":0,"9":0,"10":0,"11":0,"12":0,"13":0,"14":0,"15":0,"16":0,"17":0,"18":0,"19":0,"20":0,"21":0,"22":0,"23":0,"24":0,"25":0,"26":0,"27":0,"28":0,"29":5},"f":{"0":0,"1":0},"b":{"0":[0,0],"1":[0,0],"2":[0,0],"3":[0,0],"4":[0,0]},"_coverageSchema":"1a1c01bbd47fc00a2c39e90264f33305004495a9","hash":"f44ed7a44a9a716777f3bce4d459bd7ad3f4163d"}
,"C:\\Users\\matth\\Documents\\Bootcamp\\Binar\\FinalProject\\controller\\user\\offeredproduct.js": {"path":"C:\\Users\\matth\\Documents\\Bootcamp\\Binar\\FinalProject\\controller\\user\\offeredproduct.js","statementMap":{"0":{"start":{"line":1,"column":47},"end":{"line":1,"column":70}},"1":{"start":{"line":3,"column":11},"end":{"line":3,"column":23}},"2":{"start":{"line":6,"column":2},"end":{"line":48,"column":3}},"3":{"start":{"line":7,"column":19},"end":{"line":7,"column":31}},"4":{"start":{"line":10,"column":28},"end":{"line":12,"column":6}},"5":{"start":{"line":15,"column":33},"end":{"line":15,"column":35}},"6":{"start":{"line":17,"column":21},"end":{"line":23,"column":6}},"7":{"start":{"line":25,"column":4},"end":{"line":39,"column":5}},"8":{"start":{"line":26,"column":6},"end":{"line":38,"column":7}},"9":{"start":{"line":27,"column":8},"end":{"line":37,"column":9}},"10":{"start":{"line":28,"column":25},"end":{"line":28,"column":70}},"11":{"start":{"line":30,"column":10},"end":{"line":36,"column":13}},"12":{"start":{"line":41,"column":4},"end":{"line":45,"column":5}},"13":{"start":{"line":42,"column":6},"end":{"line":42,"column":39}},"14":{"start":{"line":44,"column":6},"end":{"line":44,"column":51}},"15":{"start":{"line":47,"column":4},"end":{"line":47,"column":20}},"16":{"start":{"line":51,"column":0},"end":{"line":51,"column":32}}},"fnMap":{"0":{"name":"offeredProduct","decl":{"start":{"line":5,"column":15},"end":{"line":5,"column":29}},"loc":{"start":{"line":5,"column":40},"end":{"line":49,"column":1}},"line":5}},"branchMap":{"0":{"loc":{"start":{"line":27,"column":8},"end":{"line":37,"column":9}},"type":"if","locations":[{"start":{"line":27,"column":8},"end":{"line":37,"column":9}},{"start":{},"end":{}}],"line":27},"1":{"loc":{"start":{"line":41,"column":4},"end":{"line":45,"column":5}},"type":"if","locations":[{"start":{"line":41,"column":4},"end":{"line":45,"column":5}},{"start":{"line":43,"column":11},"end":{"line":45,"column":5}}],"line":41}},"s":{"0":5,"1":5,"2":0,"3":0,"4":0,"5":0,"6":0,"7":0,"8":0,"9":0,"10":0,"11":0,"12":0,"13":0,"14":0,"15":0,"16":5},"f":{"0":0},"b":{"0":[0,0],"1":[0,0]},"_coverageSchema":"1a1c01bbd47fc00a2c39e90264f33305004495a9","hash":"ae0eab175d9577db77c948019cded8f23364ad1c"}
,"C:\\Users\\matth\\Documents\\Bootcamp\\Binar\\FinalProject\\controller\\user\\productsonsale.js": {"path":"C:\\Users\\matth\\Documents\\Bootcamp\\Binar\\FinalProject\\controller\\user\\productsonsale.js","statementMap":{"0":{"start":{"line":1,"column":21},"end":{"line":1,"column":44}},"1":{"start":{"line":4,"column":2},"end":{"line":22,"column":3}},"2":{"start":{"line":5,"column":19},"end":{"line":5,"column":31}},"3":{"start":{"line":7,"column":29},"end":{"line":9,"column":6}},"4":{"start":{"line":11,"column":4},"end":{"line":19,"column":5}},"5":{"start":{"line":12,"column":6},"end":{"line":16,"column":7}},"6":{"start":{"line":13,"column":8},"end":{"line":13,"column":49}},"7":{"start":{"line":15,"column":8},"end":{"line":15,"column":59}},"8":{"start":{"line":18,"column":6},"end":{"line":18,"column":25}},"9":{"start":{"line":21,"column":4},"end":{"line":21,"column":20}},"10":{"start":{"line":25,"column":0},"end":{"line":25,"column":32}}},"fnMap":{"0":{"name":"productsOnSale","decl":{"start":{"line":3,"column":15},"end":{"line":3,"column":29}},"loc":{"start":{"line":3,"column":40},"end":{"line":23,"column":1}},"line":3}},"branchMap":{"0":{"loc":{"start":{"line":11,"column":4},"end":{"line":19,"column":5}},"type":"if","locations":[{"start":{"line":11,"column":4},"end":{"line":19,"column":5}},{"start":{"line":17,"column":11},"end":{"line":19,"column":5}}],"line":11},"1":{"loc":{"start":{"line":12,"column":6},"end":{"line":16,"column":7}},"type":"if","locations":[{"start":{"line":12,"column":6},"end":{"line":16,"column":7}},{"start":{"line":14,"column":13},"end":{"line":16,"column":7}}],"line":12}},"s":{"0":5,"1":0,"2":0,"3":0,"4":0,"5":0,"6":0,"7":0,"8":0,"9":0,"10":5},"f":{"0":0},"b":{"0":[0,0],"1":[0,0]},"_coverageSchema":"1a1c01bbd47fc00a2c39e90264f33305004495a9","hash":"6a0623d9012f7db4726137158e4588b6bccfce1a"}
,"C:\\Users\\matth\\Documents\\Bootcamp\\Binar\\FinalProject\\controller\\user\\register.js": {"path":"C:\\Users\\matth\\Documents\\Bootcamp\\Binar\\FinalProject\\controller\\user\\register.js","statementMap":{"0":{"start":{"line":1,"column":18},"end":{"line":1,"column":41}},"1":{"start":{"line":2,"column":24},"end":{"line":2,"column":61}},"2":{"start":{"line":5,"column":2},"end":{"line":30,"column":3}},"3":{"start":{"line":6,"column":22},"end":{"line":6,"column":35}},"4":{"start":{"line":7,"column":23},"end":{"line":7,"column":37}},"5":{"start":{"line":8,"column":26},"end":{"line":8,"column":43}},"6":{"start":{"line":10,"column":4},"end":{"line":12,"column":5}},"7":{"start":{"line":11,"column":6},"end":{"line":11,"column":55}},"8":{"start":{"line":14,"column":24},"end":{"line":14,"column":77}},"9":{"start":{"line":16,"column":4},"end":{"line":27,"column":5}},"10":{"start":{"line":17,"column":6},"end":{"line":21,"column":9}},"11":{"start":{"line":22,"column":6},"end":{"line":24,"column":78}},"12":{"start":{"line":26,"column":6},"end":{"line":26,"column":65}},"13":{"start":{"line":29,"column":4},"end":{"line":29,"column":53}},"14":{"start":{"line":33,"column":0},"end":{"line":33,"column":26}}},"fnMap":{"0":{"name":"register","decl":{"start":{"line":4,"column":15},"end":{"line":4,"column":23}},"loc":{"start":{"line":4,"column":34},"end":{"line":31,"column":1}},"line":4}},"branchMap":{"0":{"loc":{"start":{"line":10,"column":4},"end":{"line":12,"column":5}},"type":"if","locations":[{"start":{"line":10,"column":4},"end":{"line":12,"column":5}},{"start":{},"end":{}}],"line":10},"1":{"loc":{"start":{"line":10,"column":8},"end":{"line":10,"column":51}},"type":"binary-expr","locations":[{"start":{"line":10,"column":8},"end":{"line":10,"column":18}},{"start":{"line":10,"column":22},"end":{"line":10,"column":33}},{"start":{"line":10,"column":37},"end":{"line":10,"column":51}}],"line":10},"2":{"loc":{"start":{"line":16,"column":4},"end":{"line":27,"column":5}},"type":"if","locations":[{"start":{"line":16,"column":4},"end":{"line":27,"column":5}},{"start":{"line":25,"column":11},"end":{"line":27,"column":5}}],"line":16}},"s":{"0":5,"1":5,"2":3,"3":3,"4":3,"5":3,"6":3,"7":1,"8":2,"9":2,"10":1,"11":1,"12":1,"13":1,"14":5},"f":{"0":3},"b":{"0":[1,2],"1":[3,2,2],"2":[1,1]},"_coverageSchema":"1a1c01bbd47fc00a2c39e90264f33305004495a9","hash":"4911feaea6bb13e0e0c7039d7038f7a6b70cbf15"}
,"C:\\Users\\matth\\Documents\\Bootcamp\\Binar\\FinalProject\\controller\\user\\soldproduct.js": {"path":"C:\\Users\\matth\\Documents\\Bootcamp\\Binar\\FinalProject\\controller\\user\\soldproduct.js","statementMap":{"0":{"start":{"line":1,"column":21},"end":{"line":1,"column":44}},"1":{"start":{"line":4,"column":2},"end":{"line":20,"column":3}},"2":{"start":{"line":5,"column":19},"end":{"line":5,"column":31}},"3":{"start":{"line":7,"column":24},"end":{"line":9,"column":6}},"4":{"start":{"line":11,"column":4},"end":{"line":15,"column":5}},"5":{"start":{"line":12,"column":6},"end":{"line":12,"column":40}},"6":{"start":{"line":14,"column":6},"end":{"line":14,"column":66}},"7":{"start":{"line":17,"column":4},"end":{"line":19,"column":7}},"8":{"start":{"line":23,"column":0},"end":{"line":23,"column":29}}},"fnMap":{"0":{"name":"soldProduct","decl":{"start":{"line":3,"column":15},"end":{"line":3,"column":26}},"loc":{"start":{"line":3,"column":37},"end":{"line":21,"column":1}},"line":3}},"branchMap":{"0":{"loc":{"start":{"line":11,"column":4},"end":{"line":15,"column":5}},"type":"if","locations":[{"start":{"line":11,"column":4},"end":{"line":15,"column":5}},{"start":{"line":13,"column":11},"end":{"line":15,"column":5}}],"line":11}},"s":{"0":5,"1":0,"2":0,"3":0,"4":0,"5":0,"6":0,"7":0,"8":5},"f":{"0":0},"b":{"0":[0,0]},"_coverageSchema":"1a1c01bbd47fc00a2c39e90264f33305004495a9","hash":"ad88849ba7052c868ddeda406f1828973ae29861"}
,"C:\\Users\\matth\\Documents\\Bootcamp\\Binar\\FinalProject\\controller\\user\\updatenotification.js": {"path":"C:\\Users\\matth\\Documents\\Bootcamp\\Binar\\FinalProject\\controller\\user\\updatenotification.js","statementMap":{"0":{"start":{"line":1,"column":26},"end":{"line":1,"column":49}},"1":{"start":{"line":3,"column":12},"end":{"line":3,"column":35}},"2":{"start":{"line":4,"column":10},"end":{"line":4,"column":28}},"3":{"start":{"line":7,"column":2},"end":{"line":37,"column":3}},"4":{"start":{"line":8,"column":19},"end":{"line":8,"column":31}},"5":{"start":{"line":10,"column":23},"end":{"line":10,"column":36}},"6":{"start":{"line":11,"column":23},"end":{"line":11,"column":65}},"7":{"start":{"line":13,"column":4},"end":{"line":34,"column":5}},"8":{"start":{"line":14,"column":6},"end":{"line":33,"column":7}},"9":{"start":{"line":15,"column":8},"end":{"line":24,"column":10}},"10":{"start":{"line":26,"column":8},"end":{"line":28,"column":11}},"11":{"start":{"line":30,"column":8},"end":{"line":32,"column":11}},"12":{"start":{"line":36,"column":4},"end":{"line":36,"column":20}},"13":{"start":{"line":40,"column":0},"end":{"line":40,"column":36}}},"fnMap":{"0":{"name":"updateNotification","decl":{"start":{"line":6,"column":15},"end":{"line":6,"column":33}},"loc":{"start":{"line":6,"column":44},"end":{"line":38,"column":1}},"line":6}},"branchMap":{"0":{"loc":{"start":{"line":13,"column":4},"end":{"line":34,"column":5}},"type":"if","locations":[{"start":{"line":13,"column":4},"end":{"line":34,"column":5}},{"start":{},"end":{}}],"line":13},"1":{"loc":{"start":{"line":14,"column":6},"end":{"line":33,"column":7}},"type":"if","locations":[{"start":{"line":14,"column":6},"end":{"line":33,"column":7}},{"start":{"line":29,"column":13},"end":{"line":33,"column":7}}],"line":14}},"s":{"0":5,"1":5,"2":5,"3":0,"4":0,"5":0,"6":0,"7":0,"8":0,"9":0,"10":0,"11":0,"12":0,"13":5},"f":{"0":0},"b":{"0":[0,0],"1":[0,0]},"_coverageSchema":"1a1c01bbd47fc00a2c39e90264f33305004495a9","hash":"45dd50871667f3a3fa90bf3f18c96c4d4e3edd46"}
,"C:\\Users\\matth\\Documents\\Bootcamp\\Binar\\FinalProject\\models\\categories.js": {"path":"C:\\Users\\matth\\Documents\\Bootcamp\\Binar\\FinalProject\\models\\categories.js","statementMap":{"0":{"start":{"line":4,"column":4},"end":{"line":4,"column":24}},"1":{"start":{"line":5,"column":0},"end":{"line":24,"column":2}},"2":{"start":{"line":16,"column":2},"end":{"line":22,"column":5}},"3":{"start":{"line":23,"column":2},"end":{"line":23,"column":20}}},"fnMap":{"0":{"name":"(anonymous_0)","decl":{"start":{"line":5,"column":17},"end":{"line":5,"column":18}},"loc":{"start":{"line":5,"column":43},"end":{"line":24,"column":1}},"line":5},"1":{"name":"(anonymous_1)","decl":{"start":{"line":12,"column":4},"end":{"line":12,"column":5}},"loc":{"start":{"line":12,"column":29},"end":{"line":14,"column":5}},"line":12}},"branchMap":{},"s":{"0":5,"1":5,"2":5,"3":5},"f":{"0":5,"1":5},"b":{},"_coverageSchema":"1a1c01bbd47fc00a2c39e90264f33305004495a9","hash":"ac569c4a548176eea8cbaf97820d49389cdc3075"}
,"C:\\Users\\matth\\Documents\\Bootcamp\\Binar\\FinalProject\\models\\index.js": {"path":"C:\\Users\\matth\\Documents\\Bootcamp\\Binar\\FinalProject\\models\\index.js","statementMap":{"0":{"start":{"line":3,"column":11},"end":{"line":3,"column":24}},"1":{"start":{"line":4,"column":13},"end":{"line":4,"column":28}},"2":{"start":{"line":5,"column":18},"end":{"line":5,"column":38}},"3":{"start":{"line":6,"column":17},"end":{"line":6,"column":42}},"4":{"start":{"line":7,"column":12},"end":{"line":7,"column":49}},"5":{"start":{"line":8,"column":15},"end":{"line":8,"column":63}},"6":{"start":{"line":9,"column":11},"end":{"line":9,"column":13}},"7":{"start":{"line":11,"column":16},"end":{"line":16,"column":1}},"8":{"start":{"line":18,"column":0},"end":{"line":30,"column":5}},"9":{"start":{"line":20,"column":4},"end":{"line":22,"column":6}},"10":{"start":{"line":25,"column":18},"end":{"line":28,"column":5}},"11":{"start":{"line":29,"column":4},"end":{"line":29,"column":27}},"12":{"start":{"line":32,"column":0},"end":{"line":36,"column":3}},"13":{"start":{"line":33,"column":2},"end":{"line":35,"column":3}},"14":{"start":{"line":34,"column":4},"end":{"line":34,"column":32}},"15":{"start":{"line":38,"column":0},"end":{"line":38,"column":25}},"16":{"start":{"line":39,"column":0},"end":{"line":39,"column":25}},"17":{"start":{"line":41,"column":0},"end":{"line":41,"column":20}}},"fnMap":{"0":{"name":"(anonymous_0)","decl":{"start":{"line":19,"column":10},"end":{"line":19,"column":11}},"loc":{"start":{"line":19,"column":20},"end":{"line":23,"column":3}},"line":19},"1":{"name":"(anonymous_1)","decl":{"start":{"line":24,"column":11},"end":{"line":24,"column":12}},"loc":{"start":{"line":24,"column":21},"end":{"line":30,"column":3}},"line":24},"2":{"name":"(anonymous_2)","decl":{"start":{"line":32,"column":24},"end":{"line":32,"column":25}},"loc":{"start":{"line":32,"column":39},"end":{"line":36,"column":1}},"line":32}},"branchMap":{"0":{"loc":{"start":{"line":7,"column":12},"end":{"line":7,"column":49}},"type":"binary-expr","locations":[{"start":{"line":7,"column":12},"end":{"line":7,"column":32}},{"start":{"line":7,"column":36},"end":{"line":7,"column":49}}],"line":7},"1":{"loc":{"start":{"line":21,"column":6},"end":{"line":21,"column":78}},"type":"binary-expr","locations":[{"start":{"line":21,"column":6},"end":{"line":21,"column":29}},{"start":{"line":21,"column":33},"end":{"line":21,"column":50}},{"start":{"line":21,"column":54},"end":{"line":21,"column":78}}],"line":21},"2":{"loc":{"start":{"line":33,"column":2},"end":{"line":35,"column":3}},"type":"if","locations":[{"start":{"line":33,"column":2},"end":{"line":35,"column":3}},{"start":{},"end":{}}],"line":33}},"s":{"0":5,"1":5,"2":5,"3":5,"4":5,"5":5,"6":5,"7":5,"8":5,"9":35,"10":30,"11":30,"12":5,"13":30,"14":30,"15":5,"16":5,"17":5},"f":{"0":35,"1":30,"2":30},"b":{"0":[5,0],"1":[35,35,30],"2":[30,0]},"_coverageSchema":"1a1c01bbd47fc00a2c39e90264f33305004495a9","hash":"5c82a872bcedfa3cee5f5f639becf3adcb21d74c"}
,"C:\\Users\\matth\\Documents\\Bootcamp\\Binar\\FinalProject\\models\\notifications.js": {"path":"C:\\Users\\matth\\Documents\\Bootcamp\\Binar\\FinalProject\\models\\notifications.js","statementMap":{"0":{"start":{"line":4,"column":4},"end":{"line":4,"column":24}},"1":{"start":{"line":5,"column":0},"end":{"line":29,"column":2}},"2":{"start":{"line":16,"column":2},"end":{"line":27,"column":5}},"3":{"start":{"line":28,"column":2},"end":{"line":28,"column":23}}},"fnMap":{"0":{"name":"(anonymous_0)","decl":{"start":{"line":5,"column":17},"end":{"line":5,"column":18}},"loc":{"start":{"line":5,"column":43},"end":{"line":29,"column":1}},"line":5},"1":{"name":"(anonymous_1)","decl":{"start":{"line":12,"column":4},"end":{"line":12,"column":5}},"loc":{"start":{"line":12,"column":29},"end":{"line":14,"column":5}},"line":12}},"branchMap":{},"s":{"0":5,"1":5,"2":5,"3":5},"f":{"0":5,"1":5},"b":{},"_coverageSchema":"1a1c01bbd47fc00a2c39e90264f33305004495a9","hash":"25a7d8240693e3fc2cd82652f7c7869c8a45c309"}
,"C:\\Users\\matth\\Documents\\Bootcamp\\Binar\\FinalProject\\models\\offers.js": {"path":"C:\\Users\\matth\\Documents\\Bootcamp\\Binar\\FinalProject\\models\\offers.js","statementMap":{"0":{"start":{"line":2,"column":18},"end":{"line":2,"column":38}},"1":{"start":{"line":3,"column":0},"end":{"line":28,"column":2}},"2":{"start":{"line":14,"column":2},"end":{"line":26,"column":4}},"3":{"start":{"line":27,"column":2},"end":{"line":27,"column":16}}},"fnMap":{"0":{"name":"(anonymous_0)","decl":{"start":{"line":3,"column":17},"end":{"line":3,"column":18}},"loc":{"start":{"line":3,"column":43},"end":{"line":28,"column":1}},"line":3},"1":{"name":"(anonymous_1)","decl":{"start":{"line":10,"column":4},"end":{"line":10,"column":5}},"loc":{"start":{"line":10,"column":29},"end":{"line":12,"column":5}},"line":10}},"branchMap":{},"s":{"0":5,"1":5,"2":5,"3":5},"f":{"0":5,"1":5},"b":{},"_coverageSchema":"1a1c01bbd47fc00a2c39e90264f33305004495a9","hash":"77044567a3bca839692a8162128f2989286ef891"}
,"C:\\Users\\matth\\Documents\\Bootcamp\\Binar\\FinalProject\\models\\photos.js": {"path":"C:\\Users\\matth\\Documents\\Bootcamp\\Binar\\FinalProject\\models\\photos.js","statementMap":{"0":{"start":{"line":4,"column":4},"end":{"line":4,"column":24}},"1":{"start":{"line":5,"column":0},"end":{"line":25,"column":2}},"2":{"start":{"line":16,"column":2},"end":{"line":23,"column":5}},"3":{"start":{"line":24,"column":2},"end":{"line":24,"column":16}}},"fnMap":{"0":{"name":"(anonymous_0)","decl":{"start":{"line":5,"column":17},"end":{"line":5,"column":18}},"loc":{"start":{"line":5,"column":43},"end":{"line":25,"column":1}},"line":5},"1":{"name":"(anonymous_1)","decl":{"start":{"line":12,"column":4},"end":{"line":12,"column":5}},"loc":{"start":{"line":12,"column":29},"end":{"line":14,"column":5}},"line":12}},"branchMap":{},"s":{"0":5,"1":5,"2":5,"3":5},"f":{"0":5,"1":5},"b":{},"_coverageSchema":"1a1c01bbd47fc00a2c39e90264f33305004495a9","hash":"ec6a1a55859ffe853a63d7c2285c773e39dfe625"}
,"C:\\Users\\matth\\Documents\\Bootcamp\\Binar\\FinalProject\\models\\products.js": {"path":"C:\\Users\\matth\\Documents\\Bootcamp\\Binar\\FinalProject\\models\\products.js","statementMap":{"0":{"start":{"line":4,"column":4},"end":{"line":4,"column":24}},"1":{"start":{"line":5,"column":0},"end":{"line":29,"column":2}},"2":{"start":{"line":16,"column":2},"end":{"line":27,"column":5}},"3":{"start":{"line":28,"column":2},"end":{"line":28,"column":18}}},"fnMap":{"0":{"name":"(anonymous_0)","decl":{"start":{"line":5,"column":17},"end":{"line":5,"column":18}},"loc":{"start":{"line":5,"column":43},"end":{"line":29,"column":1}},"line":5},"1":{"name":"(anonymous_1)","decl":{"start":{"line":12,"column":4},"end":{"line":12,"column":5}},"loc":{"start":{"line":12,"column":29},"end":{"line":14,"column":5}},"line":12}},"branchMap":{},"s":{"0":5,"1":5,"2":5,"3":5},"f":{"0":5,"1":5},"b":{},"_coverageSchema":"1a1c01bbd47fc00a2c39e90264f33305004495a9","hash":"3447ed3f34dbe59db8aa9303e23b57419af14f32"}
,"C:\\Users\\matth\\Documents\\Bootcamp\\Binar\\FinalProject\\models\\users.js": {"path":"C:\\Users\\matth\\Documents\\Bootcamp\\Binar\\FinalProject\\models\\users.js","statementMap":{"0":{"start":{"line":4,"column":4},"end":{"line":4,"column":24}},"1":{"start":{"line":5,"column":0},"end":{"line":30,"column":2}},"2":{"start":{"line":16,"column":2},"end":{"line":28,"column":5}},"3":{"start":{"line":29,"column":2},"end":{"line":29,"column":15}}},"fnMap":{"0":{"name":"(anonymous_0)","decl":{"start":{"line":5,"column":17},"end":{"line":5,"column":18}},"loc":{"start":{"line":5,"column":43},"end":{"line":30,"column":1}},"line":5},"1":{"name":"(anonymous_1)","decl":{"start":{"line":12,"column":4},"end":{"line":12,"column":5}},"loc":{"start":{"line":12,"column":29},"end":{"line":14,"column":5}},"line":12}},"branchMap":{},"s":{"0":5,"1":5,"2":5,"3":5},"f":{"0":5,"1":5},"b":{},"_coverageSchema":"1a1c01bbd47fc00a2c39e90264f33305004495a9","hash":"65d9bba6b8dcacc7f4b63b89689fbd98af33cfc3"}
}
