TN:
SF:router.js
FN:6,apply
FNF:1
FNH:1
FNDA:1,apply
DA:1,1
DA:2,1
DA:4,1
DA:7,1
DA:8,1
DA:10,1
DA:13,1
DA:14,1
DA:15,1
DA:20,1
DA:21,1
DA:26,1
DA:31,1
DA:32,1
DA:33,1
DA:40,1
DA:41,1
DA:42,1
DA:43,1
DA:48,1
DA:49,1
DA:56,1
DA:61,1
DA:62,1
DA:64,1
DA:67,1
LF:26
LH:26
BRF:0
BRH:0
end_of_record
TN:
SF:config\config.js
FNF:0
FNH:0
DA:1,3
DA:6,3
DA:14,3
DA:17,3
LF:4
LH:4
BRDA:2,0,0,3
BRDA:2,0,1,3
BRDA:9,1,0,3
BRDA:10,2,0,3
BRDA:11,3,0,3
BRDA:12,4,0,3
BRDA:13,5,0,3
BRF:7
BRH:7
end_of_record
TN:
SF:controller\index.js
FNF:0
FNH:0
DA:1,3
LF:1
LH:1
BRF:0
BRH:0
end_of_record
TN:
SF:controller\encrypt-decrypt\decrypt.js
FN:3,decryptPassword
FN:4,(anonymous_1)
FN:5,(anonymous_2)
FNF:3
FNH:3
FNDA:2,decryptPassword
FNDA:2,(anonymous_1)
FNDA:2,(anonymous_2)
DA:1,3
DA:4,2
DA:5,2
DA:6,2
DA:7,0
DA:9,2
DA:15,3
LF:7
LH:6
BRDA:6,0,0,0
BRDA:6,0,1,2
BRF:2
BRH:1
end_of_record
TN:
SF:controller\encrypt-decrypt\encrypt.js
FN:4,encryptPassword
FN:5,(anonymous_1)
FN:6,(anonymous_2)
FNF:3
FNH:3
FNDA:1,encryptPassword
FNDA:1,(anonymous_1)
FNDA:1,(anonymous_2)
DA:1,3
DA:2,3
DA:5,1
DA:6,1
DA:7,1
DA:8,0
DA:10,1
DA:16,3
LF:8
LH:7
BRDA:7,0,0,0
BRDA:7,0,1,1
BRF:2
BRH:1
end_of_record
TN:
SF:controller\middleware\auth.js
FN:4,auth
FNF:1
FNH:0
FNDA:0,auth
DA:1,3
DA:2,3
DA:5,0
DA:6,0
DA:7,0
DA:8,0
DA:9,0
DA:10,0
DA:11,0
DA:12,0
DA:14,0
DA:17,0
DA:20,0
DA:23,0
DA:26,3
LF:15
LH:3
BRDA:9,0,0,0
BRDA:9,0,1,0
BRF:2
BRH:0
end_of_record
TN:
SF:controller\middleware\postphoto.js
FN:1,postPhoto
FNF:1
FNH:0
FNDA:0,postPhoto
DA:2,0
DA:3,0
DA:7,0
DA:13,3
LF:4
LH:1
BRF:0
BRH:0
end_of_record
TN:
SF:controller\middleware\upload.js
FNF:0
FNH:0
DA:1,3
DA:2,3
DA:4,3
DA:6,3
DA:12,3
DA:21,3
DA:30,3
DA:31,3
DA:33,3
LF:9
LH:9
BRF:0
BRH:0
end_of_record
TN:
SF:controller\offer\finishoffer.js
FN:3,finishOffer
FNF:1
FNH:0
FNDA:0,finishOffer
DA:1,3
DA:4,0
DA:5,0
DA:7,0
DA:8,0
DA:9,0
DA:11,0
DA:12,0
DA:13,0
DA:14,0
DA:19,0
DA:28,0
DA:35,0
DA:39,0
DA:44,0
DA:45,0
DA:46,0
DA:47,0
DA:52,0
DA:53,0
DA:54,0
DA:61,0
DA:66,0
DA:71,0
DA:75,3
LF:25
LH:2
BRDA:11,0,0,0
BRDA:11,0,1,0
BRDA:12,1,0,0
BRDA:12,1,1,0
BRDA:14,2,0,0
BRDA:14,2,1,0
BRDA:15,3,0,0
BRDA:15,3,1,0
BRDA:15,3,2,0
BRDA:52,4,0,0
BRDA:52,4,1,0
BRF:11
BRH:0
end_of_record
TN:
SF:controller\offer\offerproduct.js
FN:3,offerProduct
FNF:1
FNH:0
FNDA:0,offerProduct
DA:1,3
DA:4,0
DA:5,0
DA:7,0
DA:8,0
DA:10,0
DA:14,0
DA:16,0
DA:17,0
DA:18,0
DA:23,0
DA:24,0
DA:25,0
DA:31,0
DA:32,0
DA:39,0
DA:46,0
DA:47,0
DA:48,0
DA:49,0
DA:50,0
DA:53,0
DA:61,0
DA:65,0
DA:70,0
DA:74,0
DA:79,0
DA:83,3
LF:28
LH:2
BRDA:16,0,0,0
BRDA:16,0,1,0
BRDA:17,1,0,0
BRDA:17,1,1,0
BRDA:23,2,0,0
BRDA:23,2,1,0
BRDA:24,3,0,0
BRDA:24,3,1,0
BRDA:31,4,0,0
BRDA:31,4,1,0
BRDA:48,5,0,0
BRDA:48,5,1,0
BRF:12
BRH:0
end_of_record
TN:
SF:controller\offer\updateoffer.js
FN:11,acceptOffer
FNF:1
FNH:0
FNDA:0,acceptOffer
DA:7,3
DA:9,3
DA:12,0
DA:13,0
DA:15,0
DA:16,0
DA:17,0
DA:19,0
DA:20,0
DA:21,0
DA:22,0
DA:23,0
DA:32,0
DA:41,0
DA:49,0
DA:50,0
DA:60,0
DA:62,0
DA:67,0
DA:68,0
DA:69,0
DA:73,0
DA:80,0
DA:84,3
LF:24
LH:3
BRDA:19,0,0,0
BRDA:19,0,1,0
BRDA:21,1,0,0
BRDA:21,1,1,0
BRDA:22,2,0,0
BRDA:22,2,1,0
BRDA:67,3,0,0
BRDA:67,3,1,0
BRF:8
BRH:0
end_of_record
TN:
SF:controller\product\deleteproduct.js
FN:2,deleteProduct
FNF:1
FNH:0
FNDA:0,deleteProduct
DA:1,3
DA:3,0
DA:4,0
DA:5,0
DA:6,0
DA:8,0
DA:9,0
DA:10,0
DA:11,0
DA:13,0
DA:18,0
DA:21,0
DA:22,0
DA:26,3
LF:14
LH:2
BRDA:8,0,0,0
BRDA:8,0,1,0
BRDA:9,1,0,0
BRDA:9,1,1,0
BRF:4
BRH:0
end_of_record
TN:
SF:controller\product\getproductbyid.js
FN:3,getProductById
FNF:1
FNH:0
FNDA:0,getProductById
DA:1,3
DA:4,0
DA:5,0
DA:7,0
DA:11,0
DA:12,0
DA:13,0
DA:14,0
DA:15,0
DA:16,0
DA:27,0
DA:39,0
DA:42,0
DA:43,0
DA:45,0
DA:47,0
DA:50,0
DA:54,3
LF:18
LH:2
BRDA:11,0,0,0
BRDA:11,0,1,0
BRDA:15,1,0,0
BRDA:15,1,1,0
BRF:4
BRH:0
end_of_record
TN:
SF:controller\product\getproducts.js
FN:9,getProduct
FNF:1
FNH:0
FNDA:0,getProduct
DA:7,3
DA:10,0
DA:11,0
DA:16,0
DA:18,0
DA:19,0
DA:20,0
DA:21,0
DA:24,0
DA:25,0
DA:26,0
DA:37,0
DA:49,0
DA:51,0
DA:53,0
DA:57,3
LF:16
LH:2
BRDA:25,0,0,0
BRDA:25,0,1,0
BRF:2
BRH:0
end_of_record
TN:
SF:controller\product\postproduct.js
FN:3,postProduct
FNF:1
FNH:0
FNDA:0,postProduct
DA:1,3
DA:4,0
DA:5,0
DA:7,0
DA:15,0
DA:17,0
DA:19,0
DA:20,0
DA:25,0
DA:26,0
DA:32,0
DA:36,0
DA:39,0
DA:43,3
LF:14
LH:2
BRDA:19,0,0,0
BRDA:19,0,1,0
BRF:2
BRH:0
end_of_record
TN:
SF:controller\product\putproduct.js
FN:3,putProduct
FNF:1
FNH:0
FNDA:0,putProduct
DA:1,3
DA:4,0
DA:5,0
DA:6,0
DA:8,0
DA:10,0
DA:11,0
DA:12,0
DA:18,0
DA:20,0
DA:24,0
DA:25,0
DA:30,0
DA:32,0
DA:35,0
DA:38,0
DA:43,0
DA:46,3
LF:18
LH:2
BRDA:10,0,0,0
BRDA:10,0,1,0
BRDA:11,1,0,0
BRDA:11,1,1,0
BRDA:24,2,0,0
BRDA:24,2,1,0
BRF:6
BRH:0
end_of_record
TN:
SF:controller\success\success.js
FN:1,success
FNF:1
FNH:0
FNDA:0,success
DA:2,0
DA:5,3
LF:2
LH:1
BRF:0
BRH:0
end_of_record
TN:
SF:controller\user\details.js
FN:3,details
FNF:1
FNH:0
FNDA:0,details
DA:1,3
DA:4,0
DA:5,0
DA:7,0
DA:9,0
DA:10,0
DA:11,0
DA:12,0
DA:13,0
DA:15,0
DA:19,0
DA:20,0
DA:23,0
DA:35,0
DA:40,0
DA:44,3
LF:16
LH:2
BRDA:9,0,0,0
BRDA:9,0,1,0
BRDA:19,1,0,0
BRDA:19,1,1,0
BRF:4
BRH:0
end_of_record
TN:
SF:controller\user\login.js
FN:5,login
FNF:1
FNH:1
FNDA:5,login
DA:1,3
DA:2,3
DA:3,3
DA:6,5
DA:7,5
DA:8,5
DA:9,5
DA:10,1
DA:13,4
DA:17,4
DA:18,3
DA:19,2
DA:23,2
DA:24,1
DA:29,1
DA:30,1
DA:34,1
DA:37,1
DA:40,1
DA:43,1
DA:47,3
LF:21
LH:21
BRDA:9,0,0,1
BRDA:9,0,1,4
BRDA:17,1,0,3
BRDA:17,1,1,1
BRDA:18,2,0,2
BRDA:18,2,1,1
BRDA:23,3,0,1
BRDA:23,3,1,1
BRF:8
BRH:8
end_of_record
TN:
SF:controller\user\notification.js
FN:9,notification
FN:87,(anonymous_1)
FNF:2
FNH:0
FNDA:0,notification
FNDA:0,(anonymous_1)
DA:7,3
DA:10,0
DA:11,0
DA:13,0
DA:15,0
DA:16,0
DA:18,0
DA:24,0
DA:25,0
DA:28,0
DA:32,0
DA:36,0
DA:37,0
DA:38,0
DA:46,0
DA:48,0
DA:50,0
DA:51,0
DA:60,0
DA:62,0
DA:70,0
DA:74,0
DA:81,0
DA:85,0
DA:86,0
DA:88,0
DA:92,0
DA:95,0
DA:98,0
DA:102,3
LF:30
LH:2
BRDA:15,0,0,0
BRDA:15,0,1,0
BRDA:36,1,0,0
BRDA:36,1,1,0
BRDA:37,2,0,0
BRDA:37,2,1,0
BRDA:50,3,0,0
BRDA:50,3,1,0
BRDA:85,4,0,0
BRDA:85,4,1,0
BRF:10
BRH:0
end_of_record
TN:
SF:controller\user\offeredproduct.js
FN:5,offeredProduct
FNF:1
FNH:0
FNDA:0,offeredProduct
DA:1,3
DA:3,3
DA:6,0
DA:7,0
DA:10,0
DA:15,0
DA:17,0
DA:25,0
DA:26,0
DA:27,0
DA:28,0
DA:30,0
DA:41,0
DA:42,0
DA:44,0
DA:47,0
DA:51,3
LF:17
LH:3
BRDA:27,0,0,0
BRDA:27,0,1,0
BRDA:41,1,0,0
BRDA:41,1,1,0
BRF:4
BRH:0
end_of_record
TN:
SF:controller\user\productsonsale.js
FN:3,productsOnSale
FNF:1
FNH:0
FNDA:0,productsOnSale
DA:1,3
DA:4,0
DA:5,0
DA:7,0
DA:11,0
DA:12,0
DA:13,0
DA:15,0
DA:18,0
DA:21,0
DA:25,3
LF:11
LH:2
BRDA:11,0,0,0
BRDA:11,0,1,0
BRDA:12,1,0,0
BRDA:12,1,1,0
BRF:4
BRH:0
end_of_record
TN:
SF:controller\user\register.js
FN:4,register
FNF:1
FNH:1
FNDA:3,register
DA:1,3
DA:2,3
DA:5,3
DA:6,3
DA:7,3
DA:8,3
DA:10,3
DA:11,1
DA:14,2
DA:16,2
DA:17,1
DA:22,1
DA:26,1
DA:29,1
DA:33,3
LF:15
LH:15
BRDA:10,0,0,1
BRDA:10,0,1,2
BRDA:10,1,0,3
BRDA:10,1,1,2
BRDA:10,1,2,2
BRDA:16,2,0,1
BRDA:16,2,1,1
BRF:7
BRH:7
end_of_record
TN:
SF:controller\user\soldproduct.js
FN:3,soldProduct
FNF:1
FNH:0
FNDA:0,soldProduct
DA:1,3
DA:4,0
DA:5,0
DA:7,0
DA:11,0
DA:12,0
DA:14,0
DA:17,0
DA:23,3
LF:9
LH:2
BRDA:11,0,0,0
BRDA:11,0,1,0
BRF:2
BRH:0
end_of_record
TN:
SF:controller\user\updatenotification.js
FN:6,updateNotification
FNF:1
FNH:0
FNDA:0,updateNotification
DA:1,3
DA:3,3
DA:4,3
DA:7,0
DA:8,0
DA:10,0
DA:11,0
DA:13,0
DA:14,0
DA:15,0
DA:26,0
DA:30,0
DA:36,0
DA:40,3
LF:14
LH:4
BRDA:13,0,0,0
BRDA:13,0,1,0
BRDA:14,1,0,0
BRDA:14,1,1,0
BRF:4
BRH:0
end_of_record
TN:
SF:models\categories.js
FN:5,(anonymous_0)
FN:12,(anonymous_1)
FNF:2
FNH:2
FNDA:3,(anonymous_0)
FNDA:3,(anonymous_1)
DA:4,3
DA:5,3
DA:16,3
DA:23,3
LF:4
LH:4
BRF:0
BRH:0
end_of_record
TN:
SF:models\index.js
FN:19,(anonymous_0)
FN:24,(anonymous_1)
FN:32,(anonymous_2)
FNF:3
FNH:3
FNDA:21,(anonymous_0)
FNDA:18,(anonymous_1)
FNDA:18,(anonymous_2)
DA:3,3
DA:4,3
DA:5,3
DA:6,3
DA:7,3
DA:8,3
DA:9,3
DA:11,3
DA:18,3
DA:20,21
DA:25,18
DA:29,18
DA:32,3
DA:33,18
DA:34,18
DA:38,3
DA:39,3
DA:41,3
LF:18
LH:18
BRDA:7,0,0,3
BRDA:7,0,1,0
BRDA:21,1,0,21
BRDA:21,1,1,21
BRDA:21,1,2,18
BRDA:33,2,0,18
BRDA:33,2,1,0
BRF:7
BRH:5
end_of_record
TN:
SF:models\notifications.js
FN:5,(anonymous_0)
FN:12,(anonymous_1)
FNF:2
FNH:2
FNDA:3,(anonymous_0)
FNDA:3,(anonymous_1)
DA:4,3
DA:5,3
DA:16,3
DA:28,3
LF:4
LH:4
BRF:0
BRH:0
end_of_record
TN:
SF:models\offers.js
FN:3,(anonymous_0)
FN:10,(anonymous_1)
FNF:2
FNH:2
FNDA:3,(anonymous_0)
FNDA:3,(anonymous_1)
DA:2,3
DA:3,3
DA:14,3
DA:27,3
LF:4
LH:4
BRF:0
BRH:0
end_of_record
TN:
SF:models\photos.js
FN:5,(anonymous_0)
FN:12,(anonymous_1)
FNF:2
FNH:2
FNDA:3,(anonymous_0)
FNDA:3,(anonymous_1)
DA:4,3
DA:5,3
DA:16,3
DA:24,3
LF:4
LH:4
BRF:0
BRH:0
end_of_record
TN:
SF:models\products.js
FN:5,(anonymous_0)
FN:12,(anonymous_1)
FNF:2
FNH:2
FNDA:3,(anonymous_0)
FNDA:3,(anonymous_1)
DA:4,3
DA:5,3
DA:16,3
DA:28,3
LF:4
LH:4
BRF:0
BRH:0
end_of_record
TN:
SF:models\users.js
FN:5,(anonymous_0)
FN:12,(anonymous_1)
FNF:2
FNH:2
FNDA:3,(anonymous_0)
FNDA:3,(anonymous_1)
DA:4,3
DA:5,3
DA:16,3
DA:29,3
LF:4
LH:4
BRF:0
BRH:0
end_of_record
